<?xml version="1.0" encoding="UTF-8"?>
<testsuite xmlns:xsi="http://www.w3.org/2001/XMLSchema-instance" xsi:noNamespaceSchemaLocation="https://maven.apache.org/surefire/maven-surefire-plugin/xsd/surefire-test-report.xsd" version="3.0.2" name="Navigate to Google News and click on the second last link #1" time="16.586" tests="1" errors="0" skipped="0" failures="0">
  <properties>
[...]
</properties>
  <testcase name="Load Google News and click on second last link" classname="Navigate to Google News and click on the second last link #1" time="16.586">
    <system-out><![CDATA[
Scenario: Load Google News and click on second last link        # src/test/resources/features/GoogleNewsFeature1.feature:3
Loaded the properties file successfully!
Application launched successfully!
  Given User navigate to Google News                            # com.qa.news.steps.GoogleNewsSteps.user_navigate_to_google_news()
Clicked on the second last link
  When User scroll to the bottom and click the second last link # com.qa.news.steps.GoogleNewsSteps.user_scroll_to_bottom_and_click_second_last_link()
  And User close the browser                                    # com.qa.news.steps.GoogleNewsSteps.user_close_the_browser()
]]></system-out>
  </testcase>
</testsuite>